<?xml version="1.0" encoding="UTF-8"?>
<coverage generated="1647945595780" clover="3.2.0">
  <project timestamp="1647945595780" name="All files">
    <metrics statements="15" coveredstatements="11" conditionals="7" coveredconditionals="3" methods="6" coveredmethods="3" elements="28" coveredelements="17" complexity="0" loc="15" ncloc="15" packages="1" files="1" classes="1"/>
    <file name="utils.ts" path="/home/juswa/SideProjects/reckon-test/src/utils/utils.ts">
      <metrics statements="15" coveredstatements="11" conditionals="7" coveredconditionals="3" methods="6" coveredmethods="3"/>
      <line num="1" count="2" type="stmt"/>
      <line num="3" count="2" type="stmt"/>
      <line num="8" count="2" type="stmt"/>
      <line num="9" count="0" type="cond" truecount="0" falsecount="4"/>
      <line num="10" count="0" type="stmt"/>
      <line num="11" count="0" type="stmt"/>
      <line num="15" count="0" type="stmt"/>
      <line num="18" count="2" type="stmt"/>
      <line num="20" count="2" type="stmt"/>
      <line num="21" count="2" type="stmt"/>
      <line num="22" count="11" type="stmt"/>
      <line num="25" count="2" type="stmt"/>
      <line num="26" count="3" type="cond" truecount="3" falsecount="0"/>
      <line num="27" count="1" type="stmt"/>
      <line num="30" count="2" type="stmt"/>
    </file>
  </project>
</coverage>
