{"/home/juswa/SideProjects/reckon-test/src/utils/utils.ts": {"path":"/home/juswa/SideProjects/reckon-test/src/utils/utils.ts","statementMap":{"0":{"start":{"line":1,"column":0},"end":{"line":1,"column":26}},"1":{"start":{"line":3,"column":17},"end":{"line":6,"column":2}},"2":{"start":{"line":8,"column":0},"end":{"line":16,"column":3}},"3":{"start":{"line":9,"column":2},"end":{"line":13,"column":null}},"4":{"start":{"line":10,"column":4},"end":{"line":12,"column":6}},"5":{"start":{"line":11,"column":6},"end":{"line":11,"column":60}},"6":{"start":{"line":11,"column":23},"end":{"line":11,"column":54}},"7":{"start":{"line":15,"column":2},"end":{"line":15,"column":31}},"8":{"start":{"line":18,"column":13},"end":{"line":18,"column":37}},"9":{"start":{"line":21,"column":14},"end":{"line":21,"column":36}},"10":{"start":{"line":22,"column":2},"end":{"line":22,"column":57}},"11":{"start":{"line":22,"column":46},"end":{"line":22,"column":55}},"12":{"start":{"line":20,"column":0},"end":{"line":20,"column":16}},"13":{"start":{"line":26,"column":2},"end":{"line":28,"column":null}},"14":{"start":{"line":27,"column":4},"end":{"line":27,"column":17}},"15":{"start":{"line":30,"column":2},"end":{"line":30,"column":27}},"16":{"start":{"line":25,"column":0},"end":{"line":25,"column":16}}},"fnMap":{"0":{"name":"(anonymous_1)","decl":{"start":{"line":8,"column":46},"end":{"line":8,"column":47}},"loc":{"start":{"line":8,"column":56},"end":{"line":16,"column":1}}},"1":{"name":"(anonymous_2)","decl":{"start":{"line":10,"column":23},"end":{"line":10,"column":24}},"loc":{"start":{"line":11,"column":6},"end":{"line":11,"column":60}}},"2":{"name":"(anonymous_3)","decl":{"start":{"line":11,"column":17},"end":{"line":11,"column":20}},"loc":{"start":{"line":11,"column":23},"end":{"line":11,"column":54}}},"3":{"name":"createRangeArray","decl":{"start":{"line":20,"column":16},"end":{"line":20,"column":32}},"loc":{"start":{"line":20,"column":59},"end":{"line":23,"column":1}}},"4":{"name":"(anonymous_5)","decl":{"start":{"line":22,"column":36},"end":{"line":22,"column":37}},"loc":{"start":{"line":22,"column":46},"end":{"line":22,"column":55}}},"5":{"name":"hasNoRemainder","decl":{"start":{"line":25,"column":16},"end":{"line":25,"column":30}},"loc":{"start":{"line":25,"column":57},"end":{"line":31,"column":1}}}},"branchMap":{"0":{"loc":{"start":{"line":9,"column":2},"end":{"line":13,"column":null}},"type":"if","locations":[{"start":{"line":9,"column":2},"end":{"line":13,"column":null}}]},"1":{"loc":{"start":{"line":9,"column":6},"end":{"line":9,"column":67}},"type":"binary-expr","locations":[{"start":{"line":9,"column":6},"end":{"line":9,"column":18}},{"start":{"line":9,"column":22},"end":{"line":9,"column":36}},{"start":{"line":9,"column":40},"end":{"line":9,"column":67}}]},"2":{"loc":{"start":{"line":26,"column":2},"end":{"line":28,"column":null}},"type":"if","locations":[{"start":{"line":26,"column":2},"end":{"line":28,"column":null}}]},"3":{"loc":{"start":{"line":26,"column":6},"end":{"line":26,"column":30}},"type":"binary-expr","locations":[{"start":{"line":26,"column":6},"end":{"line":26,"column":13}},{"start":{"line":26,"column":17},"end":{"line":26,"column":30}}]}},"s":{"0":2,"1":2,"2":2,"3":0,"4":0,"5":0,"6":0,"7":0,"8":2,"9":2,"10":2,"11":11,"12":2,"13":3,"14":1,"15":2,"16":2},"f":{"0":0,"1":0,"2":0,"3":2,"4":11,"5":3},"b":{"0":[0],"1":[0,0,0],"2":[1],"3":[3,2]}}
}
