{"/home/juswa/SideProjects/reckon-test/src/utils/utils.ts": {"path":"/home/juswa/SideProjects/reckon-test/src/utils/utils.ts","statementMap":{"0":{"start":{"line":1,"column":0},"end":{"line":1,"column":26}},"1":{"start":{"line":3,"column":17},"end":{"line":6,"column":2}},"2":{"start":{"line":8,"column":0},"end":{"line":16,"column":3}},"3":{"start":{"line":9,"column":2},"end":{"line":13,"column":null}},"4":{"start":{"line":10,"column":4},"end":{"line":12,"column":6}},"5":{"start":{"line":11,"column":6},"end":{"line":11,"column":60}},"6":{"start":{"line":11,"column":23},"end":{"line":11,"column":54}},"7":{"start":{"line":15,"column":2},"end":{"line":15,"column":31}},"8":{"start":{"line":18,"column":13},"end":{"line":18,"column":37}},"9":{"start":{"line":21,"column":14},"end":{"line":21,"column":36}},"10":{"start":{"line":22,"column":2},"end":{"line":22,"column":57}},"11":{"start":{"line":22,"column":46},"end":{"line":22,"column":55}},"12":{"start":{"line":20,"column":0},"end":{"line":20,"column":16}},"13":{"start":{"line":26,"column":2},"end":{"line":28,"column":null}},"14":{"start":{"line":27,"column":4},"end":{"line":27,"column":17}},"15":{"start":{"line":30,"column":2},"end":{"line":30,"column":27}},"16":{"start":{"line":25,"column":0},"end":{"line":25,"column":16}},"17":{"start":{"line":36,"column":66},"end":{"line":36,"column":68}},"18":{"start":{"line":38,"column":2},"end":{"line":62,"column":null}},"19":{"start":{"line":39,"column":31},"end":{"line":39,"column":58}},"20":{"start":{"line":41,"column":4},"end":{"line":56,"column":null}},"21":{"start":{"line":41,"column":17},"end":{"line":41,"column":18}},"22":{"start":{"line":42,"column":6},"end":{"line":55,"column":null}},"23":{"start":{"line":42,"column":19},"end":{"line":42,"column":20}},"24":{"start":{"line":43,"column":24},"end":{"line":43,"column":37}},"25":{"start":{"line":45,"column":8},"end":{"line":47,"column":null}},"26":{"start":{"line":46,"column":10},"end":{"line":46,"column":16}},"27":{"start":{"line":49,"column":8},"end":{"line":54,"column":null}},"28":{"start":{"line":50,"column":10},"end":{"line":52,"column":null}},"29":{"start":{"line":51,"column":12},"end":{"line":51,"column":44}},"30":{"start":{"line":53,"column":10},"end":{"line":53,"column":54}},"31":{"start":{"line":59,"column":4},"end":{"line":61,"column":null}},"32":{"start":{"line":60,"column":6},"end":{"line":60,"column":51}},"33":{"start":{"line":64,"column":2},"end":{"line":64,"column":27}},"34":{"start":{"line":35,"column":0},"end":{"line":35,"column":16}}},"fnMap":{"0":{"name":"(anonymous_1)","decl":{"start":{"line":8,"column":46},"end":{"line":8,"column":47}},"loc":{"start":{"line":8,"column":56},"end":{"line":16,"column":1}}},"1":{"name":"(anonymous_2)","decl":{"start":{"line":10,"column":23},"end":{"line":10,"column":24}},"loc":{"start":{"line":11,"column":6},"end":{"line":11,"column":60}}},"2":{"name":"(anonymous_3)","decl":{"start":{"line":11,"column":17},"end":{"line":11,"column":20}},"loc":{"start":{"line":11,"column":23},"end":{"line":11,"column":54}}},"3":{"name":"createRangeArray","decl":{"start":{"line":20,"column":16},"end":{"line":20,"column":32}},"loc":{"start":{"line":20,"column":59},"end":{"line":23,"column":1}}},"4":{"name":"(anonymous_5)","decl":{"start":{"line":22,"column":36},"end":{"line":22,"column":37}},"loc":{"start":{"line":22,"column":46},"end":{"line":22,"column":55}}},"5":{"name":"hasNoRemainder","decl":{"start":{"line":25,"column":16},"end":{"line":25,"column":30}},"loc":{"start":{"line":25,"column":57},"end":{"line":31,"column":1}}},"6":{"name":"stringSearch","decl":{"start":{"line":35,"column":16},"end":{"line":35,"column":28}},"loc":{"start":{"line":35,"column":74},"end":{"line":65,"column":1}}}},"branchMap":{"0":{"loc":{"start":{"line":9,"column":2},"end":{"line":13,"column":null}},"type":"if","locations":[{"start":{"line":9,"column":2},"end":{"line":13,"column":null}}]},"1":{"loc":{"start":{"line":9,"column":6},"end":{"line":9,"column":67}},"type":"binary-expr","locations":[{"start":{"line":9,"column":6},"end":{"line":9,"column":18}},{"start":{"line":9,"column":22},"end":{"line":9,"column":36}},{"start":{"line":9,"column":40},"end":{"line":9,"column":67}}]},"2":{"loc":{"start":{"line":26,"column":2},"end":{"line":28,"column":null}},"type":"if","locations":[{"start":{"line":26,"column":2},"end":{"line":28,"column":null}}]},"3":{"loc":{"start":{"line":26,"column":6},"end":{"line":26,"column":30}},"type":"binary-expr","locations":[{"start":{"line":26,"column":6},"end":{"line":26,"column":13}},{"start":{"line":26,"column":17},"end":{"line":26,"column":30}}]},"4":{"loc":{"start":{"line":45,"column":8},"end":{"line":47,"column":null}},"type":"if","locations":[{"start":{"line":45,"column":8},"end":{"line":47,"column":null}}]},"5":{"loc":{"start":{"line":49,"column":8},"end":{"line":54,"column":null}},"type":"if","locations":[{"start":{"line":49,"column":8},"end":{"line":54,"column":null}}]},"6":{"loc":{"start":{"line":50,"column":10},"end":{"line":52,"column":null}},"type":"if","locations":[{"start":{"line":50,"column":10},"end":{"line":52,"column":null}}]},"7":{"loc":{"start":{"line":59,"column":4},"end":{"line":61,"column":null}},"type":"if","locations":[{"start":{"line":59,"column":4},"end":{"line":61,"column":null}}]}},"s":{"0":3,"1":3,"2":3,"3":0,"4":0,"5":0,"6":0,"7":0,"8":3,"9":2,"10":2,"11":11,"12":3,"13":3,"14":1,"15":2,"16":3,"17":2,"18":2,"19":2,"20":2,"21":2,"22":28,"23":28,"24":43,"25":43,"26":25,"27":18,"28":3,"29":1,"30":3,"31":2,"32":1,"33":2,"34":3},"f":{"0":0,"1":0,"2":0,"3":2,"4":11,"5":3,"6":2},"b":{"0":[0],"1":[0,0,0],"2":[1],"3":[3,2],"4":[25],"5":[3],"6":[1],"7":[1]}}
}
