TN:
SF:src/utils/utils.ts
FN:8,(anonymous_1)
FN:10,(anonymous_2)
FN:11,(anonymous_3)
FN:20,createRangeArray
FN:22,(anonymous_5)
FN:25,hasNoRemainder
FNF:6
FNH:3
FNDA:0,(anonymous_1)
FNDA:0,(anonymous_2)
FNDA:0,(anonymous_3)
FNDA:2,createRangeArray
FNDA:11,(anonymous_5)
FNDA:3,hasNoRemainder
DA:1,2
DA:3,2
DA:8,2
DA:9,0
DA:10,0
DA:11,0
DA:15,0
DA:18,2
DA:20,2
DA:21,2
DA:22,11
DA:25,2
DA:26,3
DA:27,1
DA:30,2
LF:15
LH:11
BRDA:9,0,0,0
BRDA:9,1,0,0
BRDA:9,1,1,0
BRDA:9,1,2,0
BRDA:26,2,0,1
BRDA:26,3,0,3
BRDA:26,3,1,2
BRF:7
BRH:3
end_of_record
