TN:
SF:src/utils/utils.ts
FN:8,(anonymous_1)
FN:10,(anonymous_2)
FN:11,(anonymous_3)
FN:20,createRangeArray
FN:22,(anonymous_5)
FN:25,hasNoRemainder
FN:35,stringSearch
FNF:7
FNH:4
FNDA:0,(anonymous_1)
FNDA:0,(anonymous_2)
FNDA:0,(anonymous_3)
FNDA:2,createRangeArray
FNDA:11,(anonymous_5)
FNDA:3,hasNoRemainder
FNDA:2,stringSearch
DA:1,3
DA:3,3
DA:8,3
DA:9,0
DA:10,0
DA:11,0
DA:15,0
DA:18,3
DA:20,3
DA:21,2
DA:22,11
DA:25,3
DA:26,3
DA:27,1
DA:30,2
DA:35,3
DA:36,2
DA:38,2
DA:39,2
DA:41,2
DA:42,28
DA:43,43
DA:45,43
DA:46,25
DA:49,18
DA:50,3
DA:51,1
DA:53,3
DA:59,2
DA:60,1
DA:64,2
LF:31
LH:27
BRDA:9,0,0,0
BRDA:9,1,0,0
BRDA:9,1,1,0
BRDA:9,1,2,0
BRDA:26,2,0,1
BRDA:26,3,0,3
BRDA:26,3,1,2
BRDA:45,4,0,25
BRDA:49,5,0,3
BRDA:50,6,0,1
BRDA:59,7,0,1
BRF:11
BRH:7
end_of_record
